----------

Fri Jun 11 2021 19:52:59 GMT+0800 (Taipei Standard Time)

To https://github.com/chychiang/chychiang.github.io.git
   e2a3365..df3114d  gh-pages -> gh-pages


----------

Fri Jun 11 2021 22:49:51 GMT+0800 (Taipei Standard Time)

To https://github.com/chychiang/chychiang.github.io.git
   df3114d..cfd72f1  gh-pages -> gh-pages


----------

Fri Jun 11 2021 22:51:52 GMT+0800 (Taipei Standard Time)

To https://github.com/chychiang/chychiang.github.io.git
   cfd72f1..d52b291  gh-pages -> gh-pages


----------

Fri Jun 11 2021 23:00:17 GMT+0800 (Taipei Standard Time)

To https://github.com/chychiang/chychiang.github.io.git
   d52b291..ef9020d  gh-pages -> gh-pages


----------

Fri Jun 11 2021 23:01:00 GMT+0800 (Taipei Standard Time)

To https://github.com/chychiang/chychiang.github.io.git
   ef9020d..ef54665  gh-pages -> gh-pages


----------

Sat Jun 19 2021 21:15:02 GMT+0800 (Taipei Standard Time)

To https://github.com/chychiang/chychiang.github.io.git
   ef54665..6a04a95  gh-pages -> gh-pages


----------

Sat Jun 19 2021 21:17:13 GMT+0800 (Taipei Standard Time)

To https://github.com/chychiang/chychiang.github.io.git
   6a04a95..b68fca4  gh-pages -> gh-pages


----------

Sat Jun 19 2021 21:27:14 GMT+0800 (Taipei Standard Time)

To https://github.com/chychiang/chychiang.github.io.git
   b68fca4..9a15b09  gh-pages -> gh-pages


----------

Sat Jun 19 2021 21:29:21 GMT+0800 (Taipei Standard Time)

To https://github.com/chychiang/chychiang.github.io.git
   9a15b09..2a11138  gh-pages -> gh-pages


----------

Sat Jun 19 2021 21:31:55 GMT+0800 (Taipei Standard Time)

To https://github.com/chychiang/chychiang.github.io.git
   2a11138..fbfb572  gh-pages -> gh-pages


----------

Sat Jun 19 2021 21:44:38 GMT+0800 (Taipei Standard Time)

To https://github.com/chychiang/chychiang.github.io.git
   fbfb572..9792bfd  gh-pages -> gh-pages


----------

Sat Jun 19 2021 21:47:02 GMT+0800 (Taipei Standard Time)

To https://github.com/chychiang/chychiang.github.io.git
   9792bfd..cad6ca4  gh-pages -> gh-pages


----------

Sat Jun 19 2021 21:56:51 GMT+0800 (Taipei Standard Time)

To https://github.com/chychiang/chychiang.github.io.git
   cad6ca4..a5ff0a1  gh-pages -> gh-pages


----------

Mon Jun 21 2021 21:33:27 GMT+0800 (Taipei Standard Time)

To https://github.com/chychiang/chychiang.github.io.git
   a5ff0a1..ff4d958  gh-pages -> gh-pages


----------

Mon Jun 21 2021 21:49:03 GMT+0800 (Taipei Standard Time)

To https://github.com/chychiang/chychiang.github.io.git
   ff4d958..4abd25b  gh-pages -> gh-pages


----------

Mon Jun 21 2021 21:53:14 GMT+0800 (Taipei Standard Time)

To https://github.com/chychiang/chychiang.github.io.git
   4abd25b..6f64624  gh-pages -> gh-pages


